1593692479593	mozrunner::runner	INFO	Running command: "C:\\Program Files\\Mozilla Firefox\\firefox.exe" "-marionette" "--headless" "--no--sandbox" "-foreground" "-no-remote" "-profile" "C:\\Users\\DELL\\AppData\\Local\\Temp\\rust_mozprofileoNzOZ6"
*** You are running in headless mode.
1593692596219	mozrunner::runner	INFO	Running command: "C:\\Program Files\\Mozilla Firefox\\firefox.exe" "-marionette" "--headless" "--no--sandbox" "-foreground" "-no-remote" "-profile" "C:\\Users\\DELL\\AppData\\Local\\Temp\\rust_mozprofile18OiYK"
*** You are running in headless mode.
JavaScript error: resource://gre/modules/XULStore.jsm, line 66: Error: Can't find profile directory.
console.error: "Could not write session state file " (new Error("_initWorker called too early! Please read the session file from disk first.", "resource:///modules/sessionstore/SessionFile.jsm", 375)) "_initWorker/<@resource:///modules/sessionstore/SessionFile.jsm:375:15\n_initWorker@resource:///modules/sessionstore/SessionFile.jsm:368:12\n_postToWorker@resource:///modules/sessionstore/SessionFile.jsm:410:16\nwrite@resource:///modules/sessionstore/SessionFile.jsm:448:24\nwrite@resource:///modules/sessionstore/SessionFile.jsm:75:32\n_writeState@resource:///modules/sessionstore/SessionSaver.jsm:360:24\n_saveState@resource:///modules/sessionstore/SessionSaver.jsm:294:17\n_saveStateAsync@resource:///modules/sessionstore/SessionSaver.jsm:344:10\nsaveStateAsyncWhenIdle@resource:///modules/sessionstore/SessionSaver.jsm:191:14\ncallback@resource://gre/modules/Timer.jsm:127:16\n"
1593692627496	Marionette	INFO	Listening on port 59889
1593692628055	Marionette	WARN	TLS certificate errors will be ignored for this session
1593692645871	Marionette	INFO	Stopped listening on port 59889
console.error: (new Error("SessionFile is closed", "resource:///modules/sessionstore/SessionFile.jsm", 433))
JavaScript error: resource://gre/modules/osfile/osfile_async_front.jsm, line 426: Error: OS.File has been shut down. Rejecting post to stat
1593692716658	mozrunner::runner	INFO	Running command: "C:\\Program Files\\Mozilla Firefox\\firefox.exe" "-marionette" "--headless" "--no--sandbox" "-foreground" "-no-remote" "-profile" "C:\\Users\\DELL\\AppData\\Local\\Temp\\rust_mozprofileFTsH8L"
*** You are running in headless mode.
JavaScript error: resource://gre/modules/XULStore.jsm, line 66: Error: Can't find profile directory.
1593692733343	Marionette	INFO	Listening on port 60847
1593692733377	Marionette	WARN	TLS certificate errors will be ignored for this session
1593692739458	Marionette	INFO	Stopped listening on port 60847
1593692783580	mozrunner::runner	INFO	Running command: "C:\\Program Files\\Mozilla Firefox\\firefox.exe" "-marionette" "--headless" "--no--sandbox" "-foreground" "-no-remote" "-profile" "C:\\Users\\DELL\\AppData\\Local\\Temp\\rust_mozprofile7WWnbE"
*** You are running in headless mode.
JavaScript error: resource://gre/modules/XULStore.jsm, line 66: Error: Can't find profile directory.
1593692790449	Marionette	INFO	Listening on port 61401
1593692790782	Marionette	WARN	TLS certificate errors will be ignored for this session
1593692795948	Marionette	INFO	Stopped listening on port 61401

###!!! [Child][MessageChannel] Error: (msgtype=0x59000D,name=PHttpChannel::Msg_DeletingChannel) Channel closing: too late to send/recv, messages will be lost

1593693178122	mozrunner::runner	INFO	Running command: "C:\\Program Files\\Mozilla Firefox\\firefox.exe" "-marionette" "--headless" "--no--sandbox" "-foreground" "-no-remote" "-profile" "C:\\Users\\DELL\\AppData\\Local\\Temp\\rust_mozprofilevNxv1u"
*** You are running in headless mode.
JavaScript error: resource://gre/modules/XULStore.jsm, line 66: Error: Can't find profile directory.
1593693184582	Marionette	INFO	Listening on port 64228
1593693184741	Marionette	WARN	TLS certificate errors will be ignored for this session
1593693191314	Marionette	INFO	Stopped listening on port 64228
1593693320069	mozrunner::runner	INFO	Running command: "C:\\Program Files\\Mozilla Firefox\\firefox.exe" "-marionette" "--headless" "--no--sandbox" "-foreground" "-no-remote" "-profile" "C:\\Users\\DELL\\AppData\\Local\\Temp\\rust_mozprofileZfSswR"
*** You are running in headless mode.
JavaScript error: resource://gre/modules/XULStore.jsm, line 66: Error: Can't find profile directory.
console.error: "Could not write session state file " (new Error("_initWorker called too early! Please read the session file from disk first.", "resource:///modules/sessionstore/SessionFile.jsm", 375)) "_initWorker/<@resource:///modules/sessionstore/SessionFile.jsm:375:15\n_initWorker@resource:///modules/sessionstore/SessionFile.jsm:368:12\n_postToWorker@resource:///modules/sessionstore/SessionFile.jsm:410:16\nwrite@resource:///modules/sessionstore/SessionFile.jsm:448:24\nwrite@resource:///modules/sessionstore/SessionFile.jsm:75:32\n_writeState@resource:///modules/sessionstore/SessionSaver.jsm:360:24\n_saveState@resource:///modules/sessionstore/SessionSaver.jsm:294:17\n_saveStateAsync@resource:///modules/sessionstore/SessionSaver.jsm:344:10\nsaveStateAsyncWhenIdle@resource:///modules/sessionstore/SessionSaver.jsm:191:14\ncallback@resource://gre/modules/Timer.jsm:127:16\n"
1593693333200	Marionette	INFO	Listening on port 65191
1593693333349	Marionette	WARN	TLS certificate errors will be ignored for this session
1593693339635	Marionette	INFO	Stopped listening on port 65191
1593693500540	mozrunner::runner	INFO	Running command: "C:\\Program Files\\Mozilla Firefox\\firefox.exe" "-marionette" "--headless" "--no--sandbox" "-foreground" "-no-remote" "-profile" "C:\\Users\\DELL\\AppData\\Local\\Temp\\rust_mozprofileiIg5yY"
*** You are running in headless mode.
JavaScript error: resource://gre/modules/XULStore.jsm, line 66: Error: Can't find profile directory.
1593693508007	Marionette	INFO	Listening on port 50043
1593693508270	Marionette	WARN	TLS certificate errors will be ignored for this session
1593693515127	Marionette	INFO	Stopped listening on port 50043
1593693676533	mozrunner::runner	INFO	Running command: "C:\\Program Files\\Mozilla Firefox\\firefox.exe" "-marionette" "--headless" "--no--sandbox" "-foreground" "-no-remote" "-profile" "C:\\Users\\DELL\\AppData\\Local\\Temp\\rust_mozprofileXu4lG6"
*** You are running in headless mode.
JavaScript error: resource://gre/modules/XULStore.jsm, line 66: Error: Can't find profile directory.
1593693693204	Marionette	INFO	Listening on port 51346
1593693693706	Marionette	WARN	TLS certificate errors will be ignored for this session
1593693711478	Marionette	INFO	Stopped listening on port 51346

###!!! [Parent][RunMessage] Error: Channel error: cannot send/recv


###!!! [Parent][RunMessage] Error: Channel error: cannot send/recv

1593694973085	mozrunner::runner	INFO	Running command: "C:\\Program Files\\Mozilla Firefox\\firefox.exe" "-marionette" "--headless" "--no--sandbox" "-foreground" "-no-remote" "-profile" "C:\\Users\\DELL\\AppData\\Local\\Temp\\rust_mozprofileUneuvr"
*** You are running in headless mode.
JavaScript error: resource://gre/modules/XULStore.jsm, line 66: Error: Can't find profile directory.
1593694984065	Marionette	INFO	Listening on port 59978
1593694984161	Marionette	WARN	TLS certificate errors will be ignored for this session
1593695001136	Marionette	INFO	Stopped listening on port 59978

###!!! [Child][RunMessage] Error: Channel closing: too late to send/recv, messages will be lost

[Parent 2428, Gecko_IOThread] WARNING: file /builds/worker/checkouts/gecko/ipc/chromium/src/base/process_util_win.cc, line 166
JavaScript error: resource://gre/modules/UrlClassifierListManager.jsm, line 691: TypeError: this.tablesData[table] is undefined

###!!! [Parent][RunMessage] Error: Channel error: cannot send/recv


###!!! [Parent][RunMessage] Error: Channel error: cannot send/recv

1593695042378	mozrunner::runner	INFO	Running command: "C:\\Program Files\\Mozilla Firefox\\firefox.exe" "-marionette" "--headless" "--no--sandbox" "-foreground" "-no-remote" "-profile" "C:\\Users\\DELL\\AppData\\Local\\Temp\\rust_mozprofileses3d7"
*** You are running in headless mode.
JavaScript error: resource://gre/modules/XULStore.jsm, line 66: Error: Can't find profile directory.
1593695048367	Marionette	INFO	Listening on port 60548
1593695048422	Marionette	WARN	TLS certificate errors will be ignored for this session
1593695054272	Marionette	INFO	Stopped listening on port 60548

###!!! [Child][MessageChannel] Error: (msgtype=0x59000D,name=PHttpChannel::Msg_DeletingChannel) Channel closing: too late to send/recv, messages will be lost

1593931139550	mozrunner::runner	INFO	Running command: "C:\\Program Files\\Mozilla Firefox\\firefox.exe" "-marionette" "--headless" "--no--sandbox" "-foreground" "-no-remote" "-profile" "C:\\Users\\DELL\\AppData\\Local\\Temp\\rust_mozprofileugOwbS"
*** You are running in headless mode.
JavaScript error: resource://gre/modules/XULStore.jsm, line 66: Error: Can't find profile directory.
console.error: "Could not write session state file " (new Error("_initWorker called too early! Please read the session file from disk first.", "resource:///modules/sessionstore/SessionFile.jsm", 375)) "_initWorker/<@resource:///modules/sessionstore/SessionFile.jsm:375:15\n_initWorker@resource:///modules/sessionstore/SessionFile.jsm:368:12\n_postToWorker@resource:///modules/sessionstore/SessionFile.jsm:410:16\nwrite@resource:///modules/sessionstore/SessionFile.jsm:448:24\nwrite@resource:///modules/sessionstore/SessionFile.jsm:75:32\n_writeState@resource:///modules/sessionstore/SessionSaver.jsm:360:24\n_saveState@resource:///modules/sessionstore/SessionSaver.jsm:294:17\n_saveStateAsync@resource:///modules/sessionstore/SessionSaver.jsm:344:10\nsaveStateAsyncWhenIdle@resource:///modules/sessionstore/SessionSaver.jsm:191:14\ncallback@resource://gre/modules/Timer.jsm:127:16\n"
1593931169395	Marionette	INFO	Listening on port 51980
1593931169732	Marionette	WARN	TLS certificate errors will be ignored for this session
1593931177213	Marionette	INFO	Stopped listening on port 51980
1593955561605	mozrunner::runner	INFO	Running command: "C:\\Program Files\\Mozilla Firefox\\firefox.exe" "-marionette" "--headless" "--no--sandbox" "-foreground" "-no-remote" "-profile" "C:\\Users\\DELL\\AppData\\Local\\Temp\\rust_mozprofilewKQDUH"
*** You are running in headless mode.
JavaScript error: resource://gre/modules/XULStore.jsm, line 66: Error: Can't find profile directory.
[Parent 20892, Gecko_IOThread] WARNING: file /builds/worker/checkouts/gecko/ipc/chromium/src/base/process_util_win.cc, line 166
console.error: "Could not write session state file " (new Error("_initWorker called too early! Please read the session file from disk first.", "resource:///modules/sessionstore/SessionFile.jsm", 375)) "_initWorker/<@resource:///modules/sessionstore/SessionFile.jsm:375:15\n_initWorker@resource:///modules/sessionstore/SessionFile.jsm:368:12\n_postToWorker@resource:///modules/sessionstore/SessionFile.jsm:410:16\nwrite@resource:///modules/sessionstore/SessionFile.jsm:448:24\nwrite@resource:///modules/sessionstore/SessionFile.jsm:75:32\n_writeState@resource:///modules/sessionstore/SessionSaver.jsm:360:24\n_saveState@resource:///modules/sessionstore/SessionSaver.jsm:294:17\n_saveStateAsync@resource:///modules/sessionstore/SessionSaver.jsm:344:10\nsaveStateAsyncWhenIdle@resource:///modules/sessionstore/SessionSaver.jsm:191:14\ncallback@resource://gre/modules/Timer.jsm:127:16\n"
1593955595395	Marionette	INFO	Listening on port 59508
1593955596163	Marionette	WARN	TLS certificate errors will be ignored for this session
1593955605337	Marionette	INFO	Stopped listening on port 59508
JavaScript error: resource:///modules/EveryWindow.jsm, line 37: NS_ERROR_UNEXPECTED: Component returned failure code: 0x8000ffff (NS_ERROR_UNEXPECTED) [nsIWindowMediator.getEnumerator]
1593955766619	mozrunner::runner	INFO	Running command: "C:\\Program Files\\Mozilla Firefox\\firefox.exe" "-marionette" "--headless" "--no--sandbox" "-foreground" "-no-remote" "-profile" "C:\\Users\\DELL\\AppData\\Local\\Temp\\rust_mozprofileQAuyf8"
*** You are running in headless mode.
JavaScript error: resource://gre/modules/XULStore.jsm, line 66: Error: Can't find profile directory.
1593955773576	Marionette	INFO	Listening on port 61218
1593955773779	Marionette	WARN	TLS certificate errors will be ignored for this session
1593955783266	Marionette	INFO	Stopped listening on port 61218
JavaScript error: resource://services-settings/RemoteSettingsClient.jsm, line 115: Error: Unknown callback
1593956851388	mozrunner::runner	INFO	Running command: "C:\\Program Files\\Mozilla Firefox\\firefox.exe" "-marionette" "--headless" "--no--sandbox" "-foreground" "-no-remote" "-profile" "C:\\Users\\DELL\\AppData\\Local\\Temp\\rust_mozprofilepwLms8"
*** You are running in headless mode.
JavaScript error: resource://gre/modules/XULStore.jsm, line 66: Error: Can't find profile directory.
1593956881621	Marionette	INFO	Listening on port 49842
1593956882056	Marionette	WARN	TLS certificate errors will be ignored for this session
1593956893571	Marionette	INFO	Stopped listening on port 49842
1593957155638	mozrunner::runner	INFO	Running command: "C:\\Program Files\\Mozilla Firefox\\firefox.exe" "-marionette" "--headless" "--no--sandbox" "-foreground" "-no-remote" "-profile" "C:\\Users\\DELL\\AppData\\Local\\Temp\\rust_mozprofilezwTqcx"
*** You are running in headless mode.
JavaScript error: resource://gre/modules/XULStore.jsm, line 66: Error: Can't find profile directory.
1593957164668	Marionette	INFO	Listening on port 51837
1593957164990	Marionette	WARN	TLS certificate errors will be ignored for this session
1593957173223	Marionette	INFO	Stopped listening on port 51837
1626138164236	geckodriver	INFO	Listening on 127.0.0.1:62788
1626138167238	mozrunner::runner	INFO	Running command: "C:\\Program Files\\Mozilla Firefox\\firefox.exe" "--marionette" "--headless" "--no--sandbox" "-foreground" "-no-remote" "-profile" "C:\\Users\\hfmx\\AppData\\Local\\Temp\\rust_mozprofileShm7lv"
*** You are running in headless mode.
1626138168849	Marionette	INFO	Marionette enabled
console.warn: SearchSettings: "get: No settings file exists, new profile?" (new NotFoundError("Could not open the file at C:\\Users\\hfmx\\AppData\\Local\\Temp\\rust_mozprofileShm7lv\\search.json.mozlz4", (void 0)))
1626138171877	Marionette	INFO	Listening on port 62800
1626138172055	Marionette	WARN	TLS certificate errors will be ignored for this session
console.log: WebExtensions: reset-default-search: starting.
console.log: WebExtensions: reset-default-search: No addons in our list are installed.
\\firefox.exe" "--marionette" "--headless" "--no--sandbox" "-foreground" "-no-remote" "-profile" "C:\\Users\\hfmx\\AppData\\Local\\Temp\\rust_mozprofile3qBy73"
*** You are running in headless mode.
1626138224963	Marionette	INFO	Marionette enabled
console.warn: SearchSettings: "get: No settings file exists, new profile?" (new NotFoundError("Could not open the file at C:\\Users\\hfmx\\AppData\\Local\\Temp\\rust_mozprofile3qBy73\\search.json.mozlz4", (void 0)))
1626138226168	Marionette	INFO	Listening on port 63271
1626138226223	Marionette	WARN	TLS certificate errors will be ignored for this session
console.log: WebExtensions: reset-default-search: starting.
console.log: WebExtensions: reset-default-search: No addons in our list are installed.
er	INFO	Running command: "C:\\Program Files\\Mozilla Firefox\\firefox.exe" "--marionette" "--headless" "--no--sandbox" "-foreground" "-no-remote" "-profile" "C:\\Users\\hfmx\\AppData\\Local\\Temp\\rust_mozprofileNPbMpG"
*** You are running in headless mode.
1626138404513	Marionette	INFO	Marionette enabled
console.warn: SearchSettings: "get: No settings file exists, new profile?" (new NotFoundError("Could not open the file at C:\\Users\\hfmx\\AppData\\Local\\Temp\\rust_mozprofileNPbMpG\\search.json.mozlz4", (void 0)))
1626138405687	Marionette	INFO	Listening on port 62434
1626138406152	Marionette	WARN	TLS certificate errors will be ignored for this session
console.log: WebExtensions: reset-default-search: starting.
console.log: WebExtensions: reset-default-search: No addons in our list are installed.
Exiting due to channel error.
--headless" "--no--sandbox" "-foreground" "-no-remote" "-profile" "C:\\Users\\hfmx\\AppData\\Local\\Temp\\rust_mozprofileOD3OwQ"
*** You are running in headless mode.
1626138646994	Marionette	INFO	Marionette enabled
console.warn: SearchSettings: "get: No settings file exists, new profile?" (new NotFoundError("Could not open the file at C:\\Users\\hfmx\\AppData\\Local\\Temp\\rust_mozprofileOD3OwQ\\search.json.mozlz4", (void 0)))
1626138649064	Marionette	INFO	Listening on port 49898
1626138649324	Marionette	WARN	TLS certificate errors will be ignored for this session
console.log: WebExtensions: reset-default-search: starting.
console.log: WebExtensions: reset-default-search: No addons in our list are installed.
\\firefox.exe" "--marionette" "--headless" "--no--sandbox" "-foreground" "-no-remote" "-profile" "C:\\Users\\hfmx\\AppData\\Local\\Temp\\rust_mozprofileVFFpLK"
*** You are running in headless mode.
1626138686682	Marionette	INFO	Marionette enabled
console.warn: SearchSettings: "get: No settings file exists, new profile?" (new NotFoundError("Could not open the file at C:\\Users\\hfmx\\AppData\\Local\\Temp\\rust_mozprofileVFFpLK\\search.json.mozlz4", (void 0)))
1626138688078	Marionette	INFO	Listening on port 63365
1626138688341	Marionette	WARN	TLS certificate errors will be ignored for this session
console.log: WebExtensions: reset-default-search: starting.
console.log: WebExtensions: reset-default-search: No addons in our list are installed.
Exiting due to channel error.
Exiting due to channel error.
26139629753	mozrunner::runner	INFO	Running command: "C:\\Program Files\\Mozilla Firefox\\firefox.exe" "--marionette" "--headless" "--no--sandbox" "-foreground" "-no-remote" "-profile" "C:\\Users\\hfmx\\AppData\\Local\\Temp\\rust_mozprofilesA5NbN"
*** You are running in headless mode.
1626139630680	Marionette	INFO	Marionette enabled
console.warn: SearchSettings: "get: No settings file exists, new profile?" (new NotFoundError("Could not open the file at C:\\Users\\hfmx\\AppData\\Local\\Temp\\rust_mozprofilesA5NbN\\search.json.mozlz4", (void 0)))
1626139642923	geckodriver	INFO	Listening on 127.0.0.1:60973
1626139645927	mozrunner::runner	INFO	Running command: "C:\\Program Files\\Mozilla Firefox\\firefox.exe" "--marionette" "--headless" "--no--sandbox" "-foreground" "-no-remote" "-profile" "C:\\Users\\hfmx\\AppData\\Local\\Temp\\rust_mozprofile7oVGOn"
*** You are running in headless mode.
1626139646299	Marionette	INFO	Marionette enabled
console.warn: SearchSettings: "get: No settings file exists, new profile?" (new NotFoundError("Could not open the file at C:\\Users\\hfmx\\AppData\\Local\\Temp\\rust_mozprofile7oVGOn\\search.json.mozlz4", (void 0)))
1626139647597	Marionette	INFO	Listening on port 60981
1626139647959	Marionette	WARN	TLS certificate errors will be ignored for this session
console.log: WebExtensions: reset-default-search: starting.
console.log: WebExtensions: reset-default-search: No addons in our list are installed.
\\firefox.exe" "--marionette" "--headless" "--no--sandbox" "-foreground" "-no-remote" "-profile" "C:\\Users\\hfmx\\AppData\\Local\\Temp\\rust_mozprofilenULvS7"
*** You are running in headless mode.
1626139665577	Marionette	INFO	Marionette enabled
console.warn: SearchSettings: "get: No settings file exists, new profile?" (new NotFoundError("Could not open the file at C:\\Users\\hfmx\\AppData\\Local\\Temp\\rust_mozprofilenULvS7\\search.json.mozlz4", (void 0)))
1626139666725	Marionette	INFO	Listening on port 61068
1626139666746	Marionette	WARN	TLS certificate errors will be ignored for this session
console.log: WebExtensions: reset-default-search: starting.
console.log: WebExtensions: reset-default-search: No addons in our list are installed.
Exiting due to channel error.
--headless" "--no--sandbox" "-foreground" "-no-remote" "-profile" "C:\\Users\\hfmx\\AppData\\Local\\Temp\\rust_mozprofilenrpRQW"
*** You are running in headless mode.
1626139801345	Marionette	INFO	Marionette enabled
console.warn: SearchSettings: "get: No settings file exists, new profile?" (new NotFoundError("Could not open the file at C:\\Users\\hfmx\\AppData\\Local\\Temp\\rust_mozprofilenrpRQW\\search.json.mozlz4", (void 0)))
1626139802529	Marionette	INFO	Listening on port 61243
1626139802979	Marionette	WARN	TLS certificate errors will be ignored for this session
1626139880982	geckodriver	INFO	Listening on 127.0.0.1:61345
1626139883995	mozrunner::runner	INFO	Running command: "C:\\Program Files\\Mozilla Firefox\\firefox.exe" "--marionette" "--headless" "--no--sandbox" "-foreground" "-no-remote" "-profile" "C:\\Users\\hfmx\\AppData\\Local\\Temp\\rust_mozprofileK7mtjk"
*** You are running in headless mode.
1626139884387	Marionette	INFO	Marionette enabled
console.warn: SearchSettings: "get: No settings file exists, new profile?" (new NotFoundError("Could not open the file at C:\\Users\\hfmx\\AppData\\Local\\Temp\\rust_mozprofileK7mtjk\\search.json.mozlz4", (void 0)))
1626139885595	Marionette	INFO	Listening on port 61354
1626139886020	Marionette	WARN	TLS certificate errors will be ignored for this session
console.log: WebExtensions: reset-default-search: starting.
console.log: WebExtensions: reset-default-search: No addons in our list are installed.
\\firefox.exe" "--marionette" "--headless" "--no--sandbox" "-foreground" "-no-remote" "-profile" "C:\\Users\\hfmx\\AppData\\Local\\Temp\\rust_mozprofile1nKGNV"
*** You are running in headless mode.
1626139969042	Marionette	INFO	Marionette enabled
console.warn: SearchSettings: "get: No settings file exists, new profile?" (new NotFoundError("Could not open the file at C:\\Users\\hfmx\\AppData\\Local\\Temp\\rust_mozprofile1nKGNV\\search.json.mozlz4", (void 0)))
1626139971095	Marionette	INFO	Listening on port 61470
1626139971298	Marionette	WARN	TLS certificate errors will be ignored for this session
console.log: WebExtensions: reset-default-search: starting.
console.log: WebExtensions: reset-default-search: No addons in our list are installed.
1626140964247	geckodriver	INFO	Listening on 127.0.0.1:59482
1626140967256	mozrunner::runner	INFO	Running command: "C:\\Program Files\\Mozilla Firefox\\firefox.exe" "--marionette" "--headless" "--no--sandbox" "-foreground" "-no-remote" "-profile" "C:\\Users\\hfmx\\AppData\\Local\\Temp\\rust_mozprofilevuXwrT"
1626140973448	geckodriver	INFO	Listening on 127.0.0.1:63943
1626140976457	mozrunner::runner	INFO	Running command: "C:\\Program Files\\Mozilla Firefox\\firefox.exe" "--marionette" "--headless" "--no--sandbox" "-foreground" "-no-remote" "-profile" "C:\\Users\\hfmx\\AppData\\Local\\Temp\\rust_mozprofilescIosh"
*** You are running in headless mode.
1626140976818	Marionette	INFO	Marionette enabled
console.warn: SearchSettings: "get: No settings file exists, new profile?" (new NotFoundError("Could not open the file at C:\\Users\\hfmx\\AppData\\Local\\Temp\\rust_mozprofilescIosh\\search.json.mozlz4", (void 0)))
1626140977988	Marionette	INFO	Listening on port 60983
1626140978483	Marionette	WARN	TLS certificate errors will be ignored for this session
JavaScript error: http://api.search.sina.com.cn/?q=%E7%96%AB%E6%83%85&c=news&page=1&num=18&oe=utf-8&range=keyword&callback=feedsLoader.paint, line 1: SyntaxError: expected expression, got '<'
1626141008775	geckodriver	INFO	Listening on 127.0.0.1:61188
1626141011783	mozrunner::runner	INFO	Running command: "C:\\Program Files\\Mozilla Firefox\\firefox.exe" "--marionette" "--headless" "--no--sandbox" "-foreground" "-no-remote" "-profile" "C:\\Users\\hfmx\\AppData\\Local\\Temp\\rust_mozprofile4ZCpjw"
*** You are running in headless mode.
1626141012229	Marionette	INFO	Marionette enabled
console.warn: SearchSettings: "get: No settings file exists, new profile?" (new NotFoundError("Could not open the file at C:\\Users\\hfmx\\AppData\\Local\\Temp\\rust_mozprofile4ZCpjw\\search.json.mozlz4", (void 0)))
1626141013532	Marionette	INFO	Listening on port 54827
1626141013807	Marionette	WARN	TLS certificate errors will be ignored for this session
JavaScript error: http://api.search.sina.com.cn/?q=%E7%96%AB%E6%83%85&c=news&page=1&num=18&oe=utf-8&range=keyword&callback=feedsLoader.paint, line 1: SyntaxError: expected expression, got '<'
1626141027115	geckodriver	INFO	Listening on 127.0.0.1:56887
1626141031113	geckodriver	INFO	Listening on 127.0.0.1:57023
1626141034121	mozrunner::runner	INFO	Running command: "C:\\Program Files\\Mozilla Firefox\\firefox.exe" "--marionette" "--headless" "--no--sandbox" "-foreground" "-no-remote" "-profile" "C:\\Users\\hfmx\\AppData\\Local\\Temp\\rust_mozprofileekFl1V"
*** You are running in headless mode.
1626141034502	Marionette	INFO	Marionette enabled
console.warn: SearchSettings: "get: No settings file exists, new profile?" (new NotFoundError("Could not open the file at C:\\Users\\hfmx\\AppData\\Local\\Temp\\rust_mozprofileekFl1V\\search.json.mozlz4", (void 0)))
1626141035669	Marionette	INFO	Listening on port 59278
1626141036146	Marionette	WARN	TLS certificate errors will be ignored for this session
JavaScript error: http://api.search.sina.com.cn/?q=%E7%96%AB%E6%83%85&c=news&page=1&num=18&oe=utf-8&range=keyword&callback=feedsLoader.paint, line 1: SyntaxError: expected expression, got '<'
1626141797978	geckodriver	INFO	Listening on 127.0.0.1:63394
1626141800987	mozrunner::runner	INFO	Running command: "C:\\Program Files\\Mozilla Firefox\\firefox.exe" "--marionette" "--headless" "--no--sandbox" "-foreground" "-no-remote" "-profile" "C:\\Users\\hfmx\\AppData\\Local\\Temp\\rust_mozprofilery8sKL"
*** You are running in headless mode.
1626141801530	Marionette	INFO	Marionette enabled
console.warn: SearchSettings: "get: No settings file exists, new profile?" (new NotFoundError("Could not open the file at C:\\Users\\hfmx\\AppData\\Local\\Temp\\rust_mozprofilery8sKL\\search.json.mozlz4", (void 0)))
1626141802781	Marionette	INFO	Listening on port 64759
1626141803108	Marionette	WARN	TLS certificate errors will be ignored for this session
JavaScript error: http://api.search.sina.com.cn/?q=%E7%96%AB%E6%83%85&c=news&page=1&num=18&oe=utf-8&range=keyword&callback=feedsLoader.paint, line 1: SyntaxError: expected expression, got '<'
1626142284621	geckodriver	INFO	Listening on 127.0.0.1:53186
1626142287620	mozrunner::runner	INFO	Running command: "C:\\Program Files\\Mozilla Firefox\\firefox.exe" "--marionette" "--headless" "--no--sandbox" "-foreground" "-no-remote" "-profile" "C:\\Users\\hfmx\\AppData\\Local\\Temp\\rust_mozprofilehwGoGP"
*** You are running in headless mode.
1626142288535	Marionette	INFO	Marionette enabled
console.warn: SearchSettings: "get: No settings file exists, new profile?" (new NotFoundError("Could not open the file at C:\\Users\\hfmx\\AppData\\Local\\Temp\\rust_mozprofilehwGoGP\\search.json.mozlz4", (void 0)))
1626142289880	Marionette	INFO	Listening on port 58504
1626142290265	Marionette	WARN	TLS certificate errors will be ignored for this session
console.log: WebExtensions: reset-default-search: starting.
console.log: WebExtensions: reset-default-search: No addons in our list are installed.
\\firefox.exe" "--marionette" "--headless" "--no--sandbox" "-foreground" "-no-remote" "-profile" "C:\\Users\\hfmx\\AppData\\Local\\Temp\\rust_mozprofileuGTTVY"
*** You are running in headless mode.
1626142308546	Marionette	INFO	Marionette enabled
console.warn: SearchSettings: "get: No settings file exists, new profile?" (new NotFoundError("Could not open the file at C:\\Users\\hfmx\\AppData\\Local\\Temp\\rust_mozprofileuGTTVY\\search.json.mozlz4", (void 0)))
1626142310697	geckodriver	INFO	Listening on 127.0.0.1:63690
1626142313716	mozrunner::runner	INFO	Running command: "C:\\Program Files\\Mozilla Firefox\\firefox.exe" "--marionette" "--headless" "--no--sandbox" "-foreground" "-no-remote" "-profile" "C:\\Users\\hfmx\\AppData\\Local\\Temp\\rust_mozprofileeXSW8N"
*** You are running in headless mode.
1626142314091	Marionette	INFO	Marionette enabled
console.warn: SearchSettings: "get: No settings file exists, new profile?" (new NotFoundError("Could not open the file at C:\\Users\\hfmx\\AppData\\Local\\Temp\\rust_mozprofileeXSW8N\\search.json.mozlz4", (void 0)))
1626142315259	Marionette	INFO	Listening on port 63107
1626142315742	Marionette	WARN	TLS certificate errors will be ignored for this session
console.log: WebExtensions: reset-default-search: starting.
console.log: WebExtensions: reset-default-search: No addons in our list are installed.
\\firefox.exe" "--marionette" "--headless" "--no--sandbox" "-foreground" "-no-remote" "-profile" "C:\\Users\\hfmx\\AppData\\Local\\Temp\\rust_mozprofile412Q4w"
*** You are running in headless mode.
1626142384654	Marionette	INFO	Marionette enabled
console.warn: SearchSettings: "get: No settings file exists, new profile?" (new NotFoundError("Could not open the file at C:\\Users\\hfmx\\AppData\\Local\\Temp\\rust_mozprofile412Q4w\\search.json.mozlz4", (void 0)))
1626142386141	Marionette	INFO	Listening on port 52584
1626142386206	Marionette	WARN	TLS certificate errors will be ignored for this session
console.log: WebExtensions: reset-default-search: starting.
console.log: WebExtensions: reset-default-search: No addons in our list are installed.
Exiting due to channel error.
--headless" "--no--sandbox" "-foreground" "-no-remote" "-profile" "C:\\Users\\hfmx\\AppData\\Local\\Temp\\rust_mozprofileCDoKmH"
*** You are running in headless mode.
1626142413519	Marionette	INFO	Marionette enabled
console.warn: SearchSettings: "get: No settings file exists, new profile?" (new NotFoundError("Could not open the file at C:\\Users\\hfmx\\AppData\\Local\\Temp\\rust_mozprofileCDoKmH\\search.json.mozlz4", (void 0)))
1626142414591	Marionette	INFO	Listening on port 65449
1626142414647	Marionette	WARN	TLS certificate errors will be ignored for this session
console.log: WebExtensions: reset-default-search: starting.
console.log: WebExtensions: reset-default-search: No addons in our list are installed.
Exiting due to channel error.
--headless" "--no--sandbox" "-foreground" "-no-remote" "-profile" "C:\\Users\\hfmx\\AppData\\Local\\Temp\\rust_mozprofileLSvWMz"
*** You are running in headless mode.
1626142484814	Marionette	INFO	Marionette enabled
console.warn: SearchSettings: "get: No settings file exists, new profile?" (new NotFoundError("Could not open the file at C:\\Users\\hfmx\\AppData\\Local\\Temp\\rust_mozprofileLSvWMz\\search.json.mozlz4", (void 0)))
1626142486148	Marionette	INFO	Listening on port 59482
1626142486568	Marionette	WARN	TLS certificate errors will be ignored for this session
console.log: WebExtensions: reset-default-search: starting.
console.log: WebExtensions: reset-default-search: No addons in our list are installed.
Exiting due to channel error.
[GFX1-]: Receive IPC close with reason=AbnormalShutdown
profile" "C:\\Users\\hfmx\\AppData\\Local\\Temp\\rust_mozprofiletBcpm5"
*** You are running in headless mode.
1626142632623	geckodriver	INFO	Listening on 127.0.0.1:54521
1626142635633	mozrunner::runner	INFO	Running command: "C:\\Program Files\\Mozilla Firefox\\firefox.exe" "--marionette" "--headless" "--no--sandbox" "-foreground" "-no-remote" "-profile" "C:\\Users\\hfmx\\AppData\\Local\\Temp\\rust_mozprofilef80ZZr"
*** You are running in headless mode.
1626142636048	Marionette	INFO	Marionette enabled
console.warn: SearchSettings: "get: No settings file exists, new profile?" (new NotFoundError("Could not open the file at C:\\Users\\hfmx\\AppData\\Local\\Temp\\rust_mozprofilef80ZZr\\search.json.mozlz4", (void 0)))
1626142637453	Marionette	INFO	Listening on port 64858
1626142637657	Marionette	WARN	TLS certificate errors will be ignored for this session
console.log: WebExtensions: reset-default-search: starting.
console.log: WebExtensions: reset-default-search: No addons in our list are installed.
\\firefox.exe" "--marionette" "--headless" "--no--sandbox" "-foreground" "-no-remote" "-profile" "C:\\Users\\hfmx\\AppData\\Local\\Temp\\rust_mozprofileLKr0UL"
*** You are running in headless mode.
1626142740359	Marionette	INFO	Marionette enabled
console.warn: SearchSettings: "get: No settings file exists, new profile?" (new NotFoundError("Could not open the file at C:\\Users\\hfmx\\AppData\\Local\\Temp\\rust_mozprofileLKr0UL\\search.json.mozlz4", (void 0)))
1626142742919	Marionette	INFO	Listening on port 50386
1626142743084	Marionette	WARN	TLS certificate errors will be ignored for this session
console.log: WebExtensions: reset-default-search: starting.
console.log: WebExtensions: reset-default-search: No addons in our list are installed.
Exiting due to channel error.
--headless" "--no--sandbox" "-foreground" "-no-remote" "-profile" "C:\\Users\\hfmx\\AppData\\Local\\Temp\\rust_mozprofile8kKOCj"
*** You are running in headless mode.
1626142782901	Marionette	INFO	Marionette enabled
console.warn: SearchSettings: "get: No settings file exists, new profile?" (new NotFoundError("Could not open the file at C:\\Users\\hfmx\\AppData\\Local\\Temp\\rust_mozprofile8kKOCj\\search.json.mozlz4", (void 0)))
1626142784222	Marionette	INFO	Listening on port 52627
1626142784560	Marionette	WARN	TLS certificate errors will be ignored for this session
console.log: WebExtensions: reset-default-search: starting.
console.log: WebExtensions: reset-default-search: No addons in our list are installed.
\\firefox.exe" "--marionette" "--headless" "--no--sandbox" "-foreground" "-no-remote" "-profile" "C:\\Users\\hfmx\\AppData\\Local\\Temp\\rust_mozprofileEE8JJb"
*** You are running in headless mode.
1626142829607	Marionette	INFO	Marionette enabled
console.warn: SearchSettings: "get: No settings file exists, new profile?" (new NotFoundError("Could not open the file at C:\\Users\\hfmx\\AppData\\Local\\Temp\\rust_mozprofileEE8JJb\\search.json.mozlz4", (void 0)))
1626142831034	Marionette	INFO	Listening on port 59043
1626142831216	Marionette	WARN	TLS certificate errors will be ignored for this session
console.log: WebExtensions: reset-default-search: starting.
console.log: WebExtensions: reset-default-search: No addons in our list are installed.
Exiting due to channel error.
--headless" "--no--sandbox" "-foreground" "-no-remote" "-profile" "C:\\Users\\hfmx\\AppData\\Local\\Temp\\rust_mozprofileHZeb53"
*** You are running in headless mode.
1626142988566	Marionette	INFO	Marionette enabled
console.warn: SearchSettings: "get: No settings file exists, new profile?" (new NotFoundError("Could not open the file at C:\\Users\\hfmx\\AppData\\Local\\Temp\\rust_mozprofileHZeb53\\search.json.mozlz4", (void 0)))
1626142989735	Marionette	INFO	Listening on port 60192
1626142989788	Marionette	WARN	TLS certificate errors will be ignored for this session
1626143003341	Marionette	WARN	TimedPromise timed out after 500 ms: stacktrace:
TimedPromise/<@chrome://marionette/content/sync.js:237:19
TimedPromise@chrome://marionette/content/sync.js:222:10
interaction.flushEventLoop@chrome://marionette/content/interaction.js:431:10
webdriverClickElement@chrome://marionette/content/interaction.js:179:31
1626143008934	Marionette	INFO	Stopped listening on port 60192
1626143049307	geckodriver	INFO	Listening on 127.0.0.1:65114
1626143052315	mozrunner::runner	INFO	Running command: "C:\\Program Files\\Mozilla Firefox\\firefox.exe" "--marionette" "--headless" "--no--sandbox" "-foreground" "-no-remote" "-profile" "C:\\Users\\hfmx\\AppData\\Local\\Temp\\rust_mozprofileIvrVwW"
*** You are running in headless mode.
1626143053240	Marionette	INFO	Marionette enabled
console.warn: SearchSettings: "get: No settings file exists, new profile?" (new NotFoundError("Could not open the file at C:\\Users\\hfmx\\AppData\\Local\\Temp\\rust_mozprofileIvrVwW\\search.json.mozlz4", (void 0)))
1626143054537	Marionette	INFO	Listening on port 52335
1626143054949	Marionette	WARN	TLS certificate errors will be ignored for this session
console.log: WebExtensions: reset-default-search: starting.
console.log: WebExtensions: reset-default-search: No addons in our list are installed.
Exiting due to channel error.
--headless" "--no--sandbox" "-foreground" "-no-remote" "-profile" "C:\\Users\\hfmx\\AppData\\Local\\Temp\\rust_mozprofilehOEl5P"
*** You are running in headless mode.
1626143254713	Marionette	INFO	Marionette enabled
console.warn: SearchSettings: "get: No settings file exists, new profile?" (new NotFoundError("Could not open the file at C:\\Users\\hfmx\\AppData\\Local\\Temp\\rust_mozprofilehOEl5P\\search.json.mozlz4", (void 0)))
1626143255943	Marionette	INFO	Listening on port 60835
1626143255996	Marionette	WARN	TLS certificate errors will be ignored for this session
1626143263121	geckodriver	INFO	Listening on 127.0.0.1:61581
1626143266160	mozrunner::runner	INFO	Running command: "C:\\Program Files\\Mozilla Firefox\\firefox.exe" "--marionette" "--headless" "--no--sandbox" "-foreground" "-no-remote" "-profile" "C:\\Users\\hfmx\\AppData\\Local\\Temp\\rust_mozprofilei0Q6x4"
*** You are running in headless mode.
1626143266711	Marionette	INFO	Marionette enabled
console.warn: SearchSettings: "get: No settings file exists, new profile?" (new NotFoundError("Could not open the file at C:\\Users\\hfmx\\AppData\\Local\\Temp\\rust_mozprofilei0Q6x4\\search.json.mozlz4", (void 0)))
1626143268348	Marionette	INFO	Listening on port 51639
1626143268786	Marionette	WARN	TLS certificate errors will be ignored for this session
console.log: WebExtensions: reset-default-search: starting.
console.log: WebExtensions: reset-default-search: No addons in our list are installed.
\\firefox.exe" "--marionette" "--headless" "--no--sandbox" "-foreground" "-no-remote" "-profile" "C:\\Users\\hfmx\\AppData\\Local\\Temp\\rust_mozprofileqZ1n39"
*** You are running in headless mode.
1626143299879	Marionette	INFO	Marionette enabled
console.warn: SearchSettings: "get: No settings file exists, new profile?" (new NotFoundError("Could not open the file at C:\\Users\\hfmx\\AppData\\Local\\Temp\\rust_mozprofileqZ1n39\\search.json.mozlz4", (void 0)))
1626143301282	Marionette	INFO	Listening on port 54151
1626143301442	Marionette	WARN	TLS certificate errors will be ignored for this session
JavaScript warning: https://news.china.com/etc/endpage/js1312/jquery-1.10.2.min.js, line 2: Using //@ to indicate sourceMappingURL pragmas is deprecated. Use //# instead
1626143490160	geckodriver	INFO	Listening on 127.0.0.1:59647
1626143493169	mozrunner::runner	INFO	Running command: "C:\\Program Files\\Mozilla Firefox\\firefox.exe" "--marionette" "--headless" "--no--sandbox" "-foreground" "-no-remote" "-profile" "C:\\Users\\hfmx\\AppData\\Local\\Temp\\rust_mozprofileqPiVWv"
*** You are running in headless mode.
1626143494155	Marionette	INFO	Marionette enabled
console.warn: SearchSettings: "get: No settings file exists, new profile?" (new NotFoundError("Could not open the file at C:\\Users\\hfmx\\AppData\\Local\\Temp\\rust_mozprofileqPiVWv\\search.json.mozlz4", (void 0)))
1626143495551	Marionette	INFO	Listening on port 55711
1626143495798	Marionette	WARN	TLS certificate errors will be ignored for this session
JavaScript warning: https://news.china.com/etc/endpage/js1312/jquery-1.10.2.min.js, line 2: Using //@ to indicate sourceMappingURL pragmas is deprecated. Use //# instead
1626143571878	Marionette	INFO	Stopped listening on port 55711
1626143832723	geckodriver	INFO	Listening on 127.0.0.1:59257
1626143835733	mozrunner::runner	INFO	Running command: "C:\\Program Files\\Mozilla Firefox\\firefox.exe" "--marionette" "--headless" "--no--sandbox" "-foreground" "-no-remote" "-profile" "C:\\Users\\hfmx\\AppData\\Local\\Temp\\rust_mozprofilekWDDUV"
*** You are running in headless mode.
1626143836118	Marionette	INFO	Marionette enabled
console.warn: SearchSettings: "get: No settings file exists, new profile?" (new NotFoundError("Could not open the file at C:\\Users\\hfmx\\AppData\\Local\\Temp\\rust_mozprofilekWDDUV\\search.json.mozlz4", (void 0)))
1626143837367	Marionette	INFO	Listening on port 55395
1626143837760	Marionette	WARN	TLS certificate errors will be ignored for this session
JavaScript warning: https://news.china.com/etc/endpage/js1312/jquery-1.10.2.min.js, line 2: Using //@ to indicate sourceMappingURL pragmas is deprecated. Use //# instead
JavaScript error: https://news.china.com/etc/endpage/js1312/jquery-1.10.2.min.js, line 4: TypeError: e is undefined
1626143902630	Marionette	INFO	Stopped listening on port 55395
1626143914138	geckodriver	INFO	Listening on 127.0.0.1:50838
1626143917153	mozrunner::runner	INFO	Running command: "C:\\Program Files\\Mozilla Firefox\\firefox.exe" "--marionette" "--headless" "--no--sandbox" "-foreground" "-no-remote" "-profile" "C:\\Users\\hfmx\\AppData\\Local\\Temp\\rust_mozprofile51mQMj"
*** You are running in headless mode.
1626143917537	Marionette	INFO	Marionette enabled
console.warn: SearchSettings: "get: No settings file exists, new profile?" (new NotFoundError("Could not open the file at C:\\Users\\hfmx\\AppData\\Local\\Temp\\rust_mozprofile51mQMj\\search.json.mozlz4", (void 0)))
1626143918909	Marionette	INFO	Listening on port 59056
1626143919176	Marionette	WARN	TLS certificate errors will be ignored for this session
JavaScript warning: https://news.china.com/etc/endpage/js1312/jquery-1.10.2.min.js, line 2: Using //@ to indicate sourceMappingURL pragmas is deprecated. Use //# instead
console.log: WebExtensions: reset-default-search: starting.
console.log: WebExtensions: reset-default-search: No addons in our list are installed.
\\firefox.exe" "--marionette" "--headless" "--no--sandbox" "-foreground" "-no-remote" "-profile" "C:\\Users\\hfmx\\AppData\\Local\\Temp\\rust_mozprofile8BrNag"
*** You are running in headless mode.
1626144002976	Marionette	INFO	Marionette enabled
console.warn: SearchSettings: "get: No settings file exists, new profile?" (new NotFoundError("Could not open the file at C:\\Users\\hfmx\\AppData\\Local\\Temp\\rust_mozprofile8BrNag\\search.json.mozlz4", (void 0)))
1626144004205	Marionette	INFO	Listening on port 55917
1626144004683	Marionette	WARN	TLS certificate errors will be ignored for this session
JavaScript warning: https://news.china.com/etc/endpage/js1312/jquery-1.10.2.min.js, line 2: Using //@ to indicate sourceMappingURL pragmas is deprecated. Use //# instead
console.log: WebExtensions: reset-default-search: starting.
console.log: WebExtensions: reset-default-search: No addons in our list are installed.
\\firefox.exe" "--marionette" "--headless" "--no--sandbox" "-foreground" "-no-remote" "-profile" "C:\\Users\\hfmx\\AppData\\Local\\Temp\\rust_mozprofileSF8Bgm"
*** You are running in headless mode.
1626144146834	Marionette	INFO	Marionette enabled
1626144151228	geckodriver	INFO	Listening on 127.0.0.1:57625
1626144154241	mozrunner::runner	INFO	Running command: "C:\\Program Files\\Mozilla Firefox\\firefox.exe" "--marionette" "--headless" "--no--sandbox" "-foreground" "-no-remote" "-profile" "C:\\Users\\hfmx\\AppData\\Local\\Temp\\rust_mozprofile989O96"
*** You are running in headless mode.
1626144154658	Marionette	INFO	Marionette enabled
console.warn: SearchSettings: "get: No settings file exists, new profile?" (new NotFoundError("Could not open the file at C:\\Users\\hfmx\\AppData\\Local\\Temp\\rust_mozprofile989O96\\search.json.mozlz4", (void 0)))
1626144156320	Marionette	INFO	Listening on port 52482
1626144156412	Marionette	WARN	TLS certificate errors will be ignored for this session
JavaScript warning: https://news.china.com/etc/endpage/js1312/jquery-1.10.2.min.js, line 2: Using //@ to indicate sourceMappingURL pragmas is deprecated. Use //# instead
1626144198856	geckodriver	INFO	Listening on 127.0.0.1:51941
1626144201885	mozrunner::runner	INFO	Running command: "C:\\Program Files\\Mozilla Firefox\\firefox.exe" "--marionette" "--headless" "--no--sandbox" "-foreground" "-no-remote" "-profile" "C:\\Users\\hfmx\\AppData\\Local\\Temp\\rust_mozprofileejQArp"
*** You are running in headless mode.
1626144202296	Marionette	INFO	Marionette enabled
console.warn: SearchSettings: "get: No settings file exists, new profile?" (new NotFoundError("Could not open the file at C:\\Users\\hfmx\\AppData\\Local\\Temp\\rust_mozprofileejQArp\\search.json.mozlz4", (void 0)))
1626144203572	Marionette	INFO	Listening on port 53716
1626144203978	Marionette	WARN	TLS certificate errors will be ignored for this session
JavaScript warning: https://news.china.com/etc/endpage/js1312/jquery-1.10.2.min.js, line 2: Using //@ to indicate sourceMappingURL pragmas is deprecated. Use //# instead
1626144491418	geckodriver	INFO	Listening on 127.0.0.1:61326
1626144494431	mozrunner::runner	INFO	Running command: "C:\\Program Files\\Mozilla Firefox\\firefox.exe" "--marionette" "--headless" "--no--sandbox" "-foreground" "-no-remote" "-profile" "C:\\Users\\hfmx\\AppData\\Local\\Temp\\rust_mozprofileu1hRDm"
*** You are running in headless mode.
1626144494865	Marionette	INFO	Marionette enabled
console.warn: SearchSettings: "get: No settings file exists, new profile?" (new NotFoundError("Could not open the file at C:\\Users\\hfmx\\AppData\\Local\\Temp\\rust_mozprofileu1hRDm\\search.json.mozlz4", (void 0)))
1626144496311	Marionette	INFO	Listening on port 60524
1626144496461	Marionette	WARN	TLS certificate errors will be ignored for this session
console.log: WebExtensions: reset-default-search: starting.
console.log: WebExtensions: reset-default-search: No addons in our list are installed.
Exiting due to channel error.
--headless" "--no--sandbox" "-foreground" "-no-remote" "-profile" "C:\\Users\\hfmx\\AppData\\Local\\Temp\\rust_mozprofilehhMzY0"
*** You are running in headless mode.
1626144646648	Marionette	INFO	Marionette enabled
console.warn: SearchSettings: "get: No settings file exists, new profile?" (new NotFoundError("Could not open the file at C:\\Users\\hfmx\\AppData\\Local\\Temp\\rust_mozprofilehhMzY0\\search.json.mozlz4", (void 0)))
1626144648043	Marionette	INFO	Listening on port 51602
1626144648253	Marionette	WARN	TLS certificate errors will be ignored for this session
1626144738879	geckodriver	INFO	Listening on 127.0.0.1:51881
1626144741894	mozrunner::runner	INFO	Running command: "C:\\Program Files\\Mozilla Firefox\\firefox.exe" "--marionette" "--headless" "--no--sandbox" "-foreground" "-no-remote" "-profile" "C:\\Users\\hfmx\\AppData\\Local\\Temp\\rust_mozprofileN4zTDM"
*** You are running in headless mode.
1626144742323	Marionette	INFO	Marionette enabled
console.warn: SearchSettings: "get: No settings file exists, new profile?" (new NotFoundError("Could not open the file at C:\\Users\\hfmx\\AppData\\Local\\Temp\\rust_mozprofileN4zTDM\\search.json.mozlz4", (void 0)))
1626144743757	Marionette	INFO	Listening on port 60533
1626144743924	Marionette	WARN	TLS certificate errors will be ignored for this session
1626144749980	Marionette	INFO	Stopped listening on port 60533
1626144789171	geckodriver	INFO	Listening on 127.0.0.1:64752
1626144792190	mozrunner::runner	INFO	Running command: "C:\\Program Files\\Mozilla Firefox\\firefox.exe" "--marionette" "--headless" "--no--sandbox" "-foreground" "-no-remote" "-profile" "C:\\Users\\hfmx\\AppData\\Local\\Temp\\rust_mozprofileniBYkr"
*** You are running in headless mode.
1626144792606	Marionette	INFO	Marionette enabled
console.warn: SearchSettings: "get: No settings file exists, new profile?" (new NotFoundError("Could not open the file at C:\\Users\\hfmx\\AppData\\Local\\Temp\\rust_mozprofileniBYkr\\search.json.mozlz4", (void 0)))
1626144793961	Marionette	INFO	Listening on port 59991
1626144794226	Marionette	WARN	TLS certificate errors will be ignored for this session
1626144805457	Marionette	INFO	Stopped listening on port 59991

###!!! [Parent][RunMessage] Error: Channel closing: too late to send/recv, messages will be lost

1626145259373	geckodriver	INFO	Listening on 127.0.0.1:62056
1626145262400	mozrunner::runner	INFO	Running command: "C:\\Program Files\\Mozilla Firefox\\firefox.exe" "--marionette" "--headless" "--no--sandbox" "-foreground" "-no-remote" "-profile" "C:\\Users\\hfmx\\AppData\\Local\\Temp\\rust_mozprofilefYzwje"
*** You are running in headless mode.
1626145263106	Marionette	INFO	Marionette enabled
console.warn: SearchSettings: "get: No settings file exists, new profile?" (new NotFoundError("Could not open the file at C:\\Users\\hfmx\\AppData\\Local\\Temp\\rust_mozprofilefYzwje\\search.json.mozlz4", (void 0)))
1626145264768	Marionette	INFO	Listening on port 60510
1626145265093	Marionette	WARN	TLS certificate errors will be ignored for this session
1626145371500	Marionette	WARN	Ignoring event 'pageshow' because document has an invalid readyState of 'interactive'.
1626145486832	geckodriver	INFO	Listening on 127.0.0.1:60572
1626145489840	mozrunner::runner	INFO	Running command: "C:\\Program Files\\Mozilla Firefox\\firefox.exe" "--marionette" "--headless" "--no--sandbox" "-foreground" "-no-remote" "-profile" "C:\\Users\\hfmx\\AppData\\Local\\Temp\\rust_mozprofileMhqRi7"
*** You are running in headless mode.
1626145491443	Marionette	INFO	Marionette enabled
console.warn: SearchSettings: "get: No settings file exists, new profile?" (new NotFoundError("Could not open the file at C:\\Users\\hfmx\\AppData\\Local\\Temp\\rust_mozprofileMhqRi7\\search.json.mozlz4", (void 0)))
1626145494585	Marionette	INFO	Listening on port 64047
1626145494656	Marionette	WARN	TLS certificate errors will be ignored for this session
console.error: Region.jsm: "Error fetching region" (new Error("TIMEOUT", "resource://gre/modules/Region.jsm", 772))
console.error: Region.jsm: "Failed to fetch region" (new Error("TIMEOUT", "resource://gre/modules/Region.jsm", 419))
1626145812101	geckodriver	INFO	Listening on 127.0.0.1:52118
1626145815111	mozrunner::runner	INFO	Running command: "C:\\Program Files\\Mozilla Firefox\\firefox.exe" "--marionette" "--headless" "--no--sandbox" "-foreground" "-no-remote" "-profile" "C:\\Users\\hfmx\\AppData\\Local\\Temp\\rust_mozprofileSSXiP3"
*** You are running in headless mode.
1626145815552	Marionette	INFO	Marionette enabled
console.warn: SearchSettings: "get: No settings file exists, new profile?" (new NotFoundError("Could not open the file at C:\\Users\\hfmx\\AppData\\Local\\Temp\\rust_mozprofileSSXiP3\\search.json.mozlz4", (void 0)))
1626145816872	Marionette	INFO	Listening on port 55151
1626145817139	Marionette	WARN	TLS certificate errors will be ignored for this session
1626145866423	geckodriver	INFO	Listening on 127.0.0.1:55743
1626145869436	mozrunner::runner	INFO	Running command: "C:\\Program Files\\Mozilla Firefox\\firefox.exe" "--marionette" "--headless" "--no--sandbox" "-foreground" "-no-remote" "-profile" "C:\\Users\\hfmx\\AppData\\Local\\Temp\\rust_mozprofilerWq7RA"
*** You are running in headless mode.
1626145869875	Marionette	INFO	Marionette enabled
console.warn: SearchSettings: "get: No settings file exists, new profile?" (new NotFoundError("Could not open the file at C:\\Users\\hfmx\\AppData\\Local\\Temp\\rust_mozprofilerWq7RA\\search.json.mozlz4", (void 0)))
1626145871470	Marionette	INFO	Listening on port 59118
1626145871578	Marionette	WARN	TLS certificate errors will be ignored for this session
console.log: WebExtensions: reset-default-search: starting.
console.log: WebExtensions: reset-default-search: No addons in our list are installed.
1626146826191	geckodriver	INFO	Listening on 127.0.0.1:51586
1626146829201	mozrunner::runner	INFO	Running command: "C:\\Program Files\\Mozilla Firefox\\firefox.exe" "--marionette" "--headless" "--no--sandbox" "-foreground" "-no-remote" "-profile" "C:\\Users\\hfmx\\AppData\\Local\\Temp\\rust_mozprofile5dKsmI"
*** You are running in headless mode.
1626146829659	Marionette	INFO	Marionette enabled
console.warn: SearchSettings: "get: No settings file exists, new profile?" (new NotFoundError("Could not open the file at C:\\Users\\hfmx\\AppData\\Local\\Temp\\rust_mozprofile5dKsmI\\search.json.mozlz4", (void 0)))
1626146830811	Marionette	INFO	Listening on port 53778
1626146831229	Marionette	WARN	TLS certificate errors will be ignored for this session
1626146840106	geckodriver	INFO	Listening on 127.0.0.1:65077
1626146843125	mozrunner::runner	INFO	Running command: "C:\\Program Files\\Mozilla Firefox\\firefox.exe" "--marionette" "--headless" "--no--sandbox" "-foreground" "-no-remote" "-profile" "C:\\Users\\hfmx\\AppData\\Local\\Temp\\rust_mozprofilewq8C7p"
*** You are running in headless mode.
1626146843501	Marionette	INFO	Marionette enabled
console.warn: SearchSettings: "get: No settings file exists, new profile?" (new NotFoundError("Could not open the file at C:\\Users\\hfmx\\AppData\\Local\\Temp\\rust_mozprofilewq8C7p\\search.json.mozlz4", (void 0)))
1626146844852	Marionette	INFO	Listening on port 54413
1626146845152	Marionette	WARN	TLS certificate errors will be ignored for this session
1626146925498	geckodriver	INFO	Listening on 127.0.0.1:51522
1626146928534	mozrunner::runner	INFO	Running command: "C:\\Program Files\\Mozilla Firefox\\firefox.exe" "--marionette" "--headless" "--no--sandbox" "-foreground" "-no-remote" "-profile" "C:\\Users\\hfmx\\AppData\\Local\\Temp\\rust_mozprofileId5aFy"
*** You are running in headless mode.
1626146928942	Marionette	INFO	Marionette enabled
console.warn: SearchSettings: "get: No settings file exists, new profile?" (new NotFoundError("Could not open the file at C:\\Users\\hfmx\\AppData\\Local\\Temp\\rust_mozprofileId5aFy\\search.json.mozlz4", (void 0)))
1626146930344	Marionette	INFO	Listening on port 60721
1626146930571	Marionette	WARN	TLS certificate errors will be ignored for this session
1626146945913	Marionette	INFO	Stopped listening on port 60721
1626147016437	geckodriver	INFO	Listening on 127.0.0.1:60277
1626147019455	mozrunner::runner	INFO	Running command: "C:\\Program Files\\Mozilla Firefox\\firefox.exe" "--marionette" "--headless" "--no--sandbox" "-foreground" "-no-remote" "-profile" "C:\\Users\\hfmx\\AppData\\Local\\Temp\\rust_mozprofile71AVlX"
*** You are running in headless mode.
1626147019845	Marionette	INFO	Marionette enabled
console.warn: SearchSettings: "get: No settings file exists, new profile?" (new NotFoundError("Could not open the file at C:\\Users\\hfmx\\AppData\\Local\\Temp\\rust_mozprofile71AVlX\\search.json.mozlz4", (void 0)))
1626147021237	Marionette	INFO	Listening on port 60505
1626147021482	Marionette	WARN	TLS certificate errors will be ignored for this session
1626147031957	Marionette	INFO	Stopped listening on port 60505
1626147344666	geckodriver	INFO	Listening on 127.0.0.1:55032
1626147347673	mozrunner::runner	INFO	Running command: "C:\\Program Files\\Mozilla Firefox\\firefox.exe" "--marionette" "--headless" "--no--sandbox" "-foreground" "-no-remote" "-profile" "C:\\Users\\hfmx\\AppData\\Local\\Temp\\rust_mozprofileRXsmDy"
*** You are running in headless mode.
1626147348084	Marionette	INFO	Marionette enabled
console.warn: SearchSettings: "get: No settings file exists, new profile?" (new NotFoundError("Could not open the file at C:\\Users\\hfmx\\AppData\\Local\\Temp\\rust_mozprofileRXsmDy\\search.json.mozlz4", (void 0)))
1626147349398	Marionette	INFO	Listening on port 58875
1626147349701	Marionette	WARN	TLS certificate errors will be ignored for this session
1626147363368	Marionette	INFO	Stopped listening on port 58875
1626147548690	geckodriver	INFO	Listening on 127.0.0.1:61999
1626147551719	mozrunner::runner	INFO	Running command: "C:\\Program Files\\Mozilla Firefox\\firefox.exe" "--marionette" "--headless" "--no--sandbox" "-foreground" "-no-remote" "-profile" "C:\\Users\\hfmx\\AppData\\Local\\Temp\\rust_mozprofileNPHL0O"
*** You are running in headless mode.
1626147552184	Marionette	INFO	Marionette enabled
console.warn: SearchSettings: "get: No settings file exists, new profile?" (new NotFoundError("Could not open the file at C:\\Users\\hfmx\\AppData\\Local\\Temp\\rust_mozprofileNPHL0O\\search.json.mozlz4", (void 0)))
1626147553494	Marionette	INFO	Listening on port 58744
1626147553753	Marionette	WARN	TLS certificate errors will be ignored for this session
1626147565950	Marionette	INFO	Stopped listening on port 58744
JavaScript error: resource://gre/modules/AsyncShutdown.jsm, line 718: Error: Phase "Sqlite.jsm: wait until all connections are closed" is finished, it is too late to register completion condition "protections.sqlite#0: waiting for shutdown"
1626147612812	geckodriver	INFO	Listening on 127.0.0.1:55127
1626147615822	mozrunner::runner	INFO	Running command: "C:\\Program Files\\Mozilla Firefox\\firefox.exe" "--marionette" "--headless" "--no--sandbox" "-foreground" "-no-remote" "-profile" "C:\\Users\\hfmx\\AppData\\Local\\Temp\\rust_mozprofilezAIkzg"
*** You are running in headless mode.
1626147616214	Marionette	INFO	Marionette enabled
console.warn: SearchSettings: "get: No settings file exists, new profile?" (new NotFoundError("Could not open the file at C:\\Users\\hfmx\\AppData\\Local\\Temp\\rust_mozprofilezAIkzg\\search.json.mozlz4", (void 0)))
1626147617544	Marionette	INFO	Listening on port 52691
1626147617848	Marionette	WARN	TLS certificate errors will be ignored for this session
1626147632294	Marionette	INFO	Stopped listening on port 52691
1626157597016	geckodriver	INFO	Listening on 127.0.0.1:55677
1626157600016	mozrunner::runner	INFO	Running command: "C:\\Program Files\\Mozilla Firefox\\firefox.exe" "--marionette" "--headless" "--no--sandbox" "-foreground" "-no-remote" "-profile" "C:\\Users\\hfmx\\AppData\\Local\\Temp\\rust_mozprofileCYMPzS"
*** You are running in headless mode.
1626157601209	Marionette	INFO	Marionette enabled
console.warn: SearchSettings: "get: No settings file exists, new profile?" (new NotFoundError("Could not open the file at C:\\Users\\hfmx\\AppData\\Local\\Temp\\rust_mozprofileCYMPzS\\search.json.mozlz4", (void 0)))
1626157602579	Marionette	INFO	Listening on port 60784
1626157602685	Marionette	WARN	TLS certificate errors will be ignored for this session
1626157611570	Marionette	INFO	Stopped listening on port 60784
1626159292549	geckodriver	INFO	Listening on 127.0.0.1:51809
1626159295558	mozrunner::runner	INFO	Running command: "C:\\Program Files\\Mozilla Firefox\\firefox.exe" "--marionette" "--headless" "--no--sandbox" "-foreground" "-no-remote" "-profile" "C:\\Users\\hfmx\\AppData\\Local\\Temp\\rust_mozprofilespp2Tg"
*** You are running in headless mode.
1626159295932	Marionette	INFO	Marionette enabled
console.warn: SearchSettings: "get: No settings file exists, new profile?" (new NotFoundError("Could not open the file at C:\\Users\\hfmx\\AppData\\Local\\Temp\\rust_mozprofilespp2Tg\\search.json.mozlz4", (void 0)))
1626159296975	Marionette	INFO	Listening on port 59812
1626159297084	Marionette	WARN	TLS certificate errors will be ignored for this session
1626159308963	Marionette	INFO	Stopped listening on port 59812
1626160294376	geckodriver	INFO	Listening on 127.0.0.1:49561
1626160297376	mozrunner::runner	INFO	Running command: "C:\\Program Files\\Mozilla Firefox\\firefox.exe" "--marionette" "--headless" "--no--sandbox" "-foreground" "-no-remote" "-profile" "C:\\Users\\hfmx\\AppData\\Local\\Temp\\rust_mozprofileDYrOJE"
*** You are running in headless mode.
1626160297771	Marionette	INFO	Marionette enabled
console.warn: SearchSettings: "get: No settings file exists, new profile?" (new NotFoundError("Could not open the file at C:\\Users\\hfmx\\AppData\\Local\\Temp\\rust_mozprofileDYrOJE\\search.json.mozlz4", (void 0)))
1626160298718	Marionette	INFO	Listening on port 61011
1626160298900	Marionette	WARN	TLS certificate errors will be ignored for this session
1626160307863	Marionette	INFO	Stopped listening on port 61011
1626313760483	geckodriver	INFO	Listening on 127.0.0.1:53988
1626313763479	mozrunner::runner	INFO	Running command: "C:\\Program Files\\Mozilla Firefox\\firefox.exe" "--marionette" "--headless" "--no--sandbox" "-foreground" "-no-remote" "-profile" "C:\\Users\\hfmx\\AppData\\Local\\Temp\\rust_mozprofileK0uNup"
*** You are running in headless mode.
1626313764898	Marionette	INFO	Marionette enabled
console.warn: SearchSettings: "get: No settings file exists, new profile?" (new NotFoundError("Could not open the file at C:\\Users\\hfmx\\AppData\\Local\\Temp\\rust_mozprofileK0uNup\\search.json.mozlz4", (void 0)))
1626313765937	Marionette	INFO	Listening on port 64020
1626313766153	Marionette	WARN	TLS certificate errors will be ignored for this session
1626313778498	Marionette	INFO	Stopped listening on port 64020
1626315777524	geckodriver	INFO	Listening on 127.0.0.1:55343
1626315780557	mozrunner::runner	INFO	Running command: "C:\\Program Files\\Mozilla Firefox\\firefox.exe" "--marionette" "--headless" "--no--sandbox" "-foreground" "-no-remote" "-profile" "C:\\Users\\hfmx\\AppData\\Local\\Temp\\rust_mozprofile8YZqw8"
*** You are running in headless mode.
1626315780894	Marionette	INFO	Marionette enabled
console.warn: SearchSettings: "get: No settings file exists, new profile?" (new NotFoundError("Could not open the file at C:\\Users\\hfmx\\AppData\\Local\\Temp\\rust_mozprofile8YZqw8\\search.json.mozlz4", (void 0)))
1626315781938	Marionette	INFO	Listening on port 55351
1626315782104	Marionette	WARN	TLS certificate errors will be ignored for this session
1626315788203	Marionette	INFO	Stopped listening on port 55351
1626318329476	geckodriver	INFO	Listening on 127.0.0.1:59315
1626318332509	mozrunner::runner	INFO	Running command: "C:\\Program Files\\Mozilla Firefox\\firefox.exe" "--marionette" "--headless" "--no--sandbox" "-foreground" "-no-remote" "-profile" "C:\\Users\\hfmx\\AppData\\Local\\Temp\\rust_mozprofilecUSVav"
*** You are running in headless mode.
1626318332975	Marionette	INFO	Marionette enabled
console.warn: SearchSettings: "get: No settings file exists, new profile?" (new NotFoundError("Could not open the file at C:\\Users\\hfmx\\AppData\\Local\\Temp\\rust_mozprofilecUSVav\\search.json.mozlz4", (void 0)))
1626318333930	Marionette	INFO	Listening on port 59324
1626318334120	Marionette	WARN	TLS certificate errors will be ignored for this session
1626318343596	Marionette	INFO	Stopped listening on port 59324
1626318413031	geckodriver	INFO	Listening on 127.0.0.1:54406
1626318416061	mozrunner::runner	INFO	Running command: "C:\\Program Files\\Mozilla Firefox\\firefox.exe" "--marionette" "--headless" "--no--sandbox" "-foreground" "-no-remote" "-profile" "C:\\Users\\hfmx\\AppData\\Local\\Temp\\rust_mozprofileBQfvOo"
*** You are running in headless mode.
1626318416354	Marionette	INFO	Marionette enabled
console.warn: SearchSettings: "get: No settings file exists, new profile?" (new NotFoundError("Could not open the file at C:\\Users\\hfmx\\AppData\\Local\\Temp\\rust_mozprofileBQfvOo\\search.json.mozlz4", (void 0)))
1626318417309	Marionette	INFO	Listening on port 62615
1626318417581	Marionette	WARN	TLS certificate errors will be ignored for this session
1626318429340	Marionette	INFO	Stopped listening on port 62615
1626318524306	geckodriver	INFO	Listening on 127.0.0.1:64199
1626318527318	mozrunner::runner	INFO	Running command: "C:\\Program Files\\Mozilla Firefox\\firefox.exe" "--marionette" "--headless" "--no--sandbox" "-foreground" "-no-remote" "-profile" "C:\\Users\\hfmx\\AppData\\Local\\Temp\\rust_mozprofileTgo4tf"
*** You are running in headless mode.
1626318527615	Marionette	INFO	Marionette enabled
console.warn: SearchSettings: "get: No settings file exists, new profile?" (new NotFoundError("Could not open the file at C:\\Users\\hfmx\\AppData\\Local\\Temp\\rust_mozprofileTgo4tf\\search.json.mozlz4", (void 0)))
1626318528508	Marionette	INFO	Listening on port 56136
1626318528838	Marionette	WARN	TLS certificate errors will be ignored for this session
1626318534150	Marionette	INFO	Stopped listening on port 56136
1626343296499	geckodriver	INFO	Listening on 127.0.0.1:55126
1626343299519	mozrunner::runner	INFO	Running command: "C:\\Program Files\\Mozilla Firefox\\firefox.exe" "--marionette" "--headless" "--no--sandbox" "-foreground" "-no-remote" "-profile" "C:\\Users\\hfmx\\AppData\\Local\\Temp\\rust_mozprofileeVTCY9"
*** You are running in headless mode.
1626343300323	Marionette	INFO	Marionette enabled
console.warn: SearchSettings: "get: No settings file exists, new profile?" (new NotFoundError("Could not open the file at C:\\Users\\hfmx\\AppData\\Local\\Temp\\rust_mozprofileeVTCY9\\search.json.mozlz4", (void 0)))
1626343301330	Marionette	INFO	Listening on port 57344
1626343301573	Marionette	WARN	TLS certificate errors will be ignored for this session
1626343324129	Marionette	INFO	Stopped listening on port 57344
1626343478759	geckodriver	INFO	Listening on 127.0.0.1:60404
1626343481794	mozrunner::runner	INFO	Running command: "C:\\Program Files\\Mozilla Firefox\\firefox.exe" "--marionette" "--headless" "--no--sandbox" "-foreground" "-no-remote" "-profile" "C:\\Users\\hfmx\\AppData\\Local\\Temp\\rust_mozprofilexj0TeF"
*** You are running in headless mode.
1626343482080	Marionette	INFO	Marionette enabled
console.warn: SearchSettings: "get: No settings file exists, new profile?" (new NotFoundError("Could not open the file at C:\\Users\\hfmx\\AppData\\Local\\Temp\\rust_mozprofilexj0TeF\\search.json.mozlz4", (void 0)))
1626343483037	Marionette	INFO	Listening on port 51611
1626343483316	Marionette	WARN	TLS certificate errors will be ignored for this session
1626343507233	Marionette	INFO	Stopped listening on port 51611
1626343511269	geckodriver	INFO	Listening on 127.0.0.1:50024
1626343514281	mozrunner::runner	INFO	Running command: "C:\\Program Files\\Mozilla Firefox\\firefox.exe" "--marionette" "--headless" "--no--sandbox" "-foreground" "-no-remote" "-profile" "C:\\Users\\hfmx\\AppData\\Local\\Temp\\rust_mozprofilejLmJ6x"
*** You are running in headless mode.
1626343514571	Marionette	INFO	Marionette enabled
console.warn: SearchSettings: "get: No settings file exists, new profile?" (new NotFoundError("Could not open the file at C:\\Users\\hfmx\\AppData\\Local\\Temp\\rust_mozprofilejLmJ6x\\search.json.mozlz4", (void 0)))
1626343515492	Marionette	INFO	Listening on port 58340
1626343515802	Marionette	WARN	TLS certificate errors will be ignored for this session
1626343527094	Marionette	INFO	Stopped listening on port 58340
1626343649136	geckodriver	INFO	Listening on 127.0.0.1:64170
1626343652159	mozrunner::runner	INFO	Running command: "C:\\Program Files\\Mozilla Firefox\\firefox.exe" "--marionette" "--headless" "--no--sandbox" "-foreground" "-no-remote" "-profile" "C:\\Users\\hfmx\\AppData\\Local\\Temp\\rust_mozprofileEfitto"
*** You are running in headless mode.
1626343652450	Marionette	INFO	Marionette enabled
console.warn: SearchSettings: "get: No settings file exists, new profile?" (new NotFoundError("Could not open the file at C:\\Users\\hfmx\\AppData\\Local\\Temp\\rust_mozprofileEfitto\\search.json.mozlz4", (void 0)))
1626343653413	Marionette	INFO	Listening on port 54760
1626343653690	Marionette	WARN	TLS certificate errors will be ignored for this session
1626343665035	Marionette	INFO	Stopped listening on port 54760
[Child 3172, IPC I/O Child] WARNING: pipe error: 232: file /builds/worker/checkouts/gecko/ipc/chromium/src/chrome/common/ipc_channel_win.cc:544
1626343687851	geckodriver	INFO	Listening on 127.0.0.1:52490
1626343690885	mozrunner::runner	INFO	Running command: "C:\\Program Files\\Mozilla Firefox\\firefox.exe" "--marionette" "--headless" "--no--sandbox" "-foreground" "-no-remote" "-profile" "C:\\Users\\hfmx\\AppData\\Local\\Temp\\rust_mozprofilehlnj13"
*** You are running in headless mode.
1626343691174	Marionette	INFO	Marionette enabled
console.warn: SearchSettings: "get: No settings file exists, new profile?" (new NotFoundError("Could not open the file at C:\\Users\\hfmx\\AppData\\Local\\Temp\\rust_mozprofilehlnj13\\search.json.mozlz4", (void 0)))
1626343692135	Marionette	INFO	Listening on port 55643
1626343692414	Marionette	WARN	TLS certificate errors will be ignored for this session
1626343703015	Marionette	INFO	Stopped listening on port 55643
1626343725080	geckodriver	INFO	Listening on 127.0.0.1:52547
1626343728103	mozrunner::runner	INFO	Running command: "C:\\Program Files\\Mozilla Firefox\\firefox.exe" "--marionette" "--headless" "--no--sandbox" "-foreground" "-no-remote" "-profile" "C:\\Users\\hfmx\\AppData\\Local\\Temp\\rust_mozprofileKFR7YG"
*** You are running in headless mode.
1626343728433	Marionette	INFO	Marionette enabled
console.warn: SearchSettings: "get: No settings file exists, new profile?" (new NotFoundError("Could not open the file at C:\\Users\\hfmx\\AppData\\Local\\Temp\\rust_mozprofileKFR7YG\\search.json.mozlz4", (void 0)))
1626343729423	Marionette	INFO	Listening on port 50867
1626343729625	Marionette	WARN	TLS certificate errors will be ignored for this session
1626343849150	geckodriver	INFO	Listening on 127.0.0.1:52094
1626343852184	mozrunner::runner	INFO	Running command: "C:\\Program Files\\Mozilla Firefox\\firefox.exe" "--marionette" "--headless" "--no--sandbox" "-foreground" "-no-remote" "-profile" "C:\\Users\\hfmx\\AppData\\Local\\Temp\\rust_mozprofileJyPXBg"
*** You are running in headless mode.
1626343852476	Marionette	INFO	Marionette enabled
console.warn: SearchSettings: "get: No settings file exists, new profile?" (new NotFoundError("Could not open the file at C:\\Users\\hfmx\\AppData\\Local\\Temp\\rust_mozprofileJyPXBg\\search.json.mozlz4", (void 0)))
1626343853455	Marionette	INFO	Listening on port 58548
1626343853707	Marionette	WARN	TLS certificate errors will be ignored for this session
1626343862425	Marionette	INFO	Stopped listening on port 58548
1626343976310	geckodriver	INFO	Listening on 127.0.0.1:61874
1626343979322	mozrunner::runner	INFO	Running command: "C:\\Program Files\\Mozilla Firefox\\firefox.exe" "--marionette" "--headless" "--no--sandbox" "-foreground" "-no-remote" "-profile" "C:\\Users\\hfmx\\AppData\\Local\\Temp\\rust_mozprofile6jcLsu"
*** You are running in headless mode.
1626343979672	Marionette	INFO	Marionette enabled
console.warn: SearchSettings: "get: No settings file exists, new profile?" (new NotFoundError("Could not open the file at C:\\Users\\hfmx\\AppData\\Local\\Temp\\rust_mozprofile6jcLsu\\search.json.mozlz4", (void 0)))
1626343980775	Marionette	INFO	Listening on port 51718
1626343980844	Marionette	WARN	TLS certificate errors will be ignored for this session
1626343988601	Marionette	INFO	Stopped listening on port 51718

###!!! [Parent][RunMessage] Error: Channel closing: too late to send/recv, messages will be lost

1626344000323	geckodriver	INFO	Listening on 127.0.0.1:55583
1626344003357	mozrunner::runner	INFO	Running command: "C:\\Program Files\\Mozilla Firefox\\firefox.exe" "--marionette" "--headless" "--no--sandbox" "-foreground" "-no-remote" "-profile" "C:\\Users\\hfmx\\AppData\\Local\\Temp\\rust_mozprofilefTzhDY"
*** You are running in headless mode.
1626344003646	Marionette	INFO	Marionette enabled
console.warn: SearchSettings: "get: No settings file exists, new profile?" (new NotFoundError("Could not open the file at C:\\Users\\hfmx\\AppData\\Local\\Temp\\rust_mozprofilefTzhDY\\search.json.mozlz4", (void 0)))
1626344004540	Marionette	INFO	Listening on port 54122
1626344004887	Marionette	WARN	TLS certificate errors will be ignored for this session
1626344026196	Marionette	INFO	Stopped listening on port 54122
1626344037703	geckodriver	INFO	Listening on 127.0.0.1:63276
1626344040714	mozrunner::runner	INFO	Running command: "C:\\Program Files\\Mozilla Firefox\\firefox.exe" "--marionette" "--headless" "--no--sandbox" "-foreground" "-no-remote" "-profile" "C:\\Users\\hfmx\\AppData\\Local\\Temp\\rust_mozprofile1Rcqbw"
*** You are running in headless mode.
1626344041005	Marionette	INFO	Marionette enabled
console.warn: SearchSettings: "get: No settings file exists, new profile?" (new NotFoundError("Could not open the file at C:\\Users\\hfmx\\AppData\\Local\\Temp\\rust_mozprofile1Rcqbw\\search.json.mozlz4", (void 0)))
1626344041987	Marionette	INFO	Listening on port 51599
1626344042238	Marionette	WARN	TLS certificate errors will be ignored for this session
1626344061712	Marionette	INFO	Stopped listening on port 51599
1626344348233	geckodriver	INFO	Listening on 127.0.0.1:50704
1626344351233	mozrunner::runner	INFO	Running command: "C:\\Program Files\\Mozilla Firefox\\firefox.exe" "--marionette" "--headless" "--no--sandbox" "-foreground" "-no-remote" "-profile" "C:\\Users\\hfmx\\AppData\\Local\\Temp\\rust_mozprofileJWBP0K"
*** You are running in headless mode.
1626344351528	Marionette	INFO	Marionette enabled
console.warn: SearchSettings: "get: No settings file exists, new profile?" (new NotFoundError("Could not open the file at C:\\Users\\hfmx\\AppData\\Local\\Temp\\rust_mozprofileJWBP0K\\search.json.mozlz4", (void 0)))
1626344352506	Marionette	INFO	Listening on port 52949
1626344352769	Marionette	WARN	TLS certificate errors will be ignored for this session
1626344369851	Marionette	INFO	Stopped listening on port 52949
1626344382130	geckodriver	INFO	Listening on 127.0.0.1:56892
1626344385151	mozrunner::runner	INFO	Running command: "C:\\Program Files\\Mozilla Firefox\\firefox.exe" "--marionette" "--headless" "--no--sandbox" "-foreground" "-no-remote" "-profile" "C:\\Users\\hfmx\\AppData\\Local\\Temp\\rust_mozprofilebZp7ns"
*** You are running in headless mode.
1626344385469	Marionette	INFO	Marionette enabled
console.warn: SearchSettings: "get: No settings file exists, new profile?" (new NotFoundError("Could not open the file at C:\\Users\\hfmx\\AppData\\Local\\Temp\\rust_mozprofilebZp7ns\\search.json.mozlz4", (void 0)))
1626344386427	Marionette	INFO	Listening on port 54311
1626344386675	Marionette	WARN	TLS certificate errors will be ignored for this session
1626344391031	Marionette	INFO	Stopped listening on port 54311
1626344395384	geckodriver	INFO	Listening on 127.0.0.1:61197
1626344398417	mozrunner::runner	INFO	Running command: "C:\\Program Files\\Mozilla Firefox\\firefox.exe" "--marionette" "--headless" "--no--sandbox" "-foreground" "-no-remote" "-profile" "C:\\Users\\hfmx\\AppData\\Local\\Temp\\rust_mozprofileN88HFc"
*** You are running in headless mode.
1626344398703	Marionette	INFO	Marionette enabled
console.warn: SearchSettings: "get: No settings file exists, new profile?" (new NotFoundError("Could not open the file at C:\\Users\\hfmx\\AppData\\Local\\Temp\\rust_mozprofileN88HFc\\search.json.mozlz4", (void 0)))
1626344399605	Marionette	INFO	Listening on port 61205
1626344399938	Marionette	WARN	TLS certificate errors will be ignored for this session
1626344404248	Marionette	INFO	Stopped listening on port 61205
1626344486372	geckodriver	INFO	Listening on 127.0.0.1:57609
1626344489406	mozrunner::runner	INFO	Running command: "C:\\Program Files\\Mozilla Firefox\\firefox.exe" "--marionette" "--headless" "--no--sandbox" "-foreground" "-no-remote" "-profile" "C:\\Users\\hfmx\\AppData\\Local\\Temp\\rust_mozprofileJ7BkGL"
*** You are running in headless mode.
1626344489691	Marionette	INFO	Marionette enabled
console.warn: SearchSettings: "get: No settings file exists, new profile?" (new NotFoundError("Could not open the file at C:\\Users\\hfmx\\AppData\\Local\\Temp\\rust_mozprofileJ7BkGL\\search.json.mozlz4", (void 0)))
1626344490620	Marionette	INFO	Listening on port 57618
1626344490930	Marionette	WARN	TLS certificate errors will be ignored for this session
1626344500597	Marionette	INFO	Stopped listening on port 57618
1626394534811	geckodriver	INFO	Listening on 127.0.0.1:61787
1626394537831	mozrunner::runner	INFO	Running command: "C:\\Program Files\\Mozilla Firefox\\firefox.exe" "--marionette" "--headless" "--no--sandbox" "-foreground" "-no-remote" "-profile" "C:\\Users\\hfmx\\AppData\\Local\\Temp\\rust_mozprofileyNUiVp"
*** You are running in headless mode.
1626394540339	Marionette	INFO	Marionette enabled
console.warn: SearchSettings: "get: No settings file exists, new profile?" (new NotFoundError("Could not open the file at C:\\Users\\hfmx\\AppData\\Local\\Temp\\rust_mozprofileyNUiVp\\search.json.mozlz4", (void 0)))
1626394541369	Marionette	INFO	Listening on port 55921
1626394541522	Marionette	WARN	TLS certificate errors will be ignored for this session
1626394549485	Marionette	INFO	Stopped listening on port 55921
1626396969099	geckodriver	INFO	Listening on 127.0.0.1:61875
1626396972112	mozrunner::runner	INFO	Running command: "C:\\Program Files\\Mozilla Firefox\\firefox.exe" "--marionette" "--headless" "--no--sandbox" "-foreground" "-no-remote" "-profile" "C:\\Users\\hfmx\\AppData\\Local\\Temp\\rust_mozprofileVt4qHC"
*** You are running in headless mode.
1626396972500	Marionette	INFO	Marionette enabled
console.warn: SearchSettings: "get: No settings file exists, new profile?" (new NotFoundError("Could not open the file at C:\\Users\\hfmx\\AppData\\Local\\Temp\\rust_mozprofileVt4qHC\\search.json.mozlz4", (void 0)))
1626396973470	Marionette	INFO	Listening on port 53283
1626396973628	Marionette	WARN	TLS certificate errors will be ignored for this session
1626396984269	Marionette	INFO	Stopped listening on port 53283
